<?xml version="1.0" encoding="UTF-8"?>
<!-- Generated by org.testng.reporters.JUnitReportReporter -->
<testsuite hostname="Vivek" failures="0" tests="8" name="Organisation.CreateMultipleOrgWithIndustryTest" time="206.398" errors="0" timestamp="2023-09-24T11:11:04 IST" skipped="0">
  <testcase classname="Organisation.CreateMultipleOrgWithIndustryTest" name="createMultipleOrgWithIndustryTest" time="33.117"/>
  <system-out/>
  <testcase classname="Organisation.CreateMultipleOrgWithIndustryTest" name="createMultipleOrgWithIndustryTest" time="25.767"/>
  <system-out/>
  <testcase classname="Organisation.CreateMultipleOrgWithIndustryTest" name="createMultipleOrgWithIndustryTest" time="24.289"/>
  <system-out/>
  <testcase classname="Organisation.CreateMultipleOrgWithIndustryTest" name="createMultipleOrgWithIndustryTest" time="22.744"/>
  <system-out/>
  <testcase classname="Organisation.CreateMultipleOrgWithIndustryTest" name="createMultipleOrgWithIndustryTest" time="22.897"/>
  <system-out/>
  <testcase classname="Organisation.CreateMultipleOrgWithIndustryTest" name="createMultipleOrgWithIndustryTest" time="22.707"/>
  <system-out/>
  <testcase classname="Organisation.CreateMultipleOrgWithIndustryTest" name="createMultipleOrgWithIndustryTest" time="30.472"/>
  <system-out/>
  <testcase classname="Organisation.CreateMultipleOrgWithIndustryTest" name="createMultipleOrgWithIndustryTest" time="24.405"/>
  <system-out/>
</testsuite> <!-- Organisation.CreateMultipleOrgWithIndustryTest -->
