<?xml version="1.0" encoding="UTF-8"?>
<!-- Generated by org.testng.reporters.JUnitReportReporter -->
<testsuite hostname="Vivek" failures="0" tests="9" name="Contacts.CreateNewContactTest" time="275.453" errors="0" timestamp="2023-09-19T15:47:38 IST" skipped="0">
  <testcase classname="Contacts.CreateNewContactTest" name="createNewContactTest" time="29.677"/>
  <system-out/>
  <testcase classname="Contacts.CreateNewContactTest" name="createNewContactTest" time="38.484"/>
  <system-out/>
  <testcase classname="Contacts.CreateNewContactTest" name="createNewContactTest" time="32.982"/>
  <system-out/>
  <testcase classname="Contacts.CreateNewContactTest" name="createNewContactTest" time="24.398"/>
  <system-out/>
  <testcase classname="Contacts.CreateNewContactTest" name="createNewContactTest" time="27.332"/>
  <system-out/>
  <testcase classname="Contacts.CreateNewContactTest" name="createNewContactTest" time="38.311"/>
  <system-out/>
  <testcase classname="Contacts.CreateNewContactTest" name="createNewContactTest" time="25.846"/>
  <system-out/>
  <testcase classname="Contacts.CreateNewContactTest" name="createNewContactTest" time="31.628"/>
  <system-out/>
  <testcase classname="Contacts.CreateNewContactTest" name="createNewContactTest" time="26.795"/>
  <system-out/>
</testsuite> <!-- Contacts.CreateNewContactTest -->
