<?xml version="1.0" encoding="UTF-8"?>
<!-- Generated by org.testng.reporters.JUnitReportReporter -->
<testsuite hostname="Vivek" failures="0" tests="1" name="Contacts.DeleteAllContactsTest" time="23.866" errors="0" timestamp="2023-09-26T11:50:37 IST" skipped="0">
  <testcase classname="Contacts.DeleteAllContactsTest" name="deleteALlContactsTest" time="23.866"/>
  <system-out/>
</testsuite> <!-- Contacts.DeleteAllContactsTest -->
