<?xml version="1.0" encoding="UTF-8"?>
<!-- Generated by org.testng.reporters.JUnitReportReporter -->
<testsuite hostname="Vivek" failures="0" tests="1" name="Organisation.DeleteAllOrganisationTest" time="23.967" errors="0" timestamp="2023-09-26T11:52:04 IST" skipped="0">
  <testcase classname="Organisation.DeleteAllOrganisationTest" name="deleteAllOrgTest" time="23.967"/>
  <system-out/>
</testsuite> <!-- Organisation.DeleteAllOrganisationTest -->
