<?xml version="1.0" encoding="UTF-8"?>
<!-- Generated by org.testng.reporters.JUnitReportReporter -->
<testsuite hostname="Vivek" failures="0" tests="3" name="Contacts.CreateNewContactTest" time="89.618" errors="0" timestamp="2023-09-26T10:54:50 IST" skipped="0">
  <testcase classname="Contacts.CreateNewContactTest" name="createNewContactTest" time="29.464"/>
  <system-out/>
  <testcase classname="Contacts.CreateNewContactTest" name="createNewContactTest" time="33.875"/>
  <system-out/>
  <testcase classname="Contacts.CreateNewContactTest" name="createNewContactTest" time="26.279"/>
  <system-out/>
</testsuite> <!-- Contacts.CreateNewContactTest -->
