<?xml version="1.0" encoding="UTF-8"?>
<!-- Generated by org.testng.reporters.JUnitReportReporter -->
<testsuite hostname="Vivek" failures="0" tests="1" name="Organisation.CreateOrganisationTest" time="31.231" errors="0" timestamp="2023-09-26T10:54:50 IST" skipped="0">
  <testcase classname="Organisation.CreateOrganisationTest" name="createOrgTest" time="31.231"/>
  <system-out/>
</testsuite> <!-- Organisation.CreateOrganisationTest -->
