<?xml version="1.0" encoding="UTF-8"?>
<!-- Generated by org.testng.reporters.JUnitReportReporter -->
<testsuite hostname="Vivek" failures="0" tests="3" name="Organisation.CreateOrganisationTest" time="127.478" errors="0" timestamp="2023-09-19T16:55:27 IST" skipped="0">
  <testcase classname="Organisation.CreateOrganisationTest" name="createOrgTest" time="39.275"/>
  <system-out/>
  <testcase classname="Organisation.CreateOrganisationTest" name="createOrgTest" time="43.189"/>
  <system-out/>
  <testcase classname="Organisation.CreateOrganisationTest" name="createOrgTest" time="45.014"/>
  <system-out/>
</testsuite> <!-- Organisation.CreateOrganisationTest -->
