<?xml version="1.0" encoding="UTF-8"?>
<!-- Generated by org.testng.reporters.JUnitReportReporter -->
<testsuite hostname="Vivek" failures="0" tests="3" name="Contacts.CreateNewContactTest" time="126.483" errors="0" timestamp="2023-09-19T16:55:27 IST" skipped="0">
  <testcase classname="Contacts.CreateNewContactTest" name="createNewContactTest" time="44.388"/>
  <system-out/>
  <testcase classname="Contacts.CreateNewContactTest" name="createNewContactTest" time="39.243"/>
  <system-out/>
  <testcase classname="Contacts.CreateNewContactTest" name="createNewContactTest" time="42.852"/>
  <system-out/>
</testsuite> <!-- Contacts.CreateNewContactTest -->
